<?xml version="1.0" encoding="UTF-8"?>
<!-- Generated by org.testng.reporters.JUnitReportReporter -->
<testsuite skipped="0" hostname="DESKTOP-3L3SNLT" name="NewTest" tests="1" failures="0" timestamp="10 Aug 2019 10:04:28 GMT" time="0.054" errors="0">
  <testcase name="Test_01" time="0.054" classname="NewTest"/>
</testsuite> <!-- NewTest -->
