<?xml version="1.0" encoding="UTF-8"?>
<!-- Generated by org.testng.reporters.JUnitReportReporter -->
<testsuite skipped="0" hostname="DESKTOP-3L3SNLT" name="TestClass" tests="1" failures="0" timestamp="10 Aug 2019 12:52:27 GMT" time="8.391" errors="0">
  <testcase name="test_02" time="8.391" classname="TestClass"/>
</testsuite> <!-- TestClass -->
