<?xml version="1.0" encoding="UTF-8"?>
<!-- Generated by org.testng.reporters.JUnitReportReporter -->
<testsuite skipped="0" hostname="DESKTOP-3L3SNLT" name="NewTest" tests="1" failures="0" timestamp="10 Aug 2019 12:25:30 GMT" time="12.726" errors="0">
  <testcase name="test_01" time="12.726" classname="NewTest"/>
</testsuite> <!-- NewTest -->
